WARNING: .mnemonic not found
Nothing to compile
deploying "IncognitoProxy" (tx: 0x5d2afab899bde7221031e67d830393442410e3561cf570d517814958d8c3f47d)...: deployed at 0xfAb5ab70500d1fab1e736829b4bf85e8bAC5fff2 with 3451447 gas
Actors 0xE2516f0F38d9400a8ceCe5672884De72FBD01cE1, 0xE2516f0F38d9400a8ceCe5672884De72FBD01cE1
Amount to restore: 4265000000000000000
deploying "Vault" (tx: 0x06ca68421c196535a858bf5d98b48467968ad7bf39bb286f3a7fb717952c9a09)...: deployed at 0xd190620159d82731F9951326Bafdc873a16CB2b1 with 4847008 gas
Claiming borrowed Admin permission from 0x037ac7fFfC1C52Cf6351e33A77eDBdd14CE35040
0xbf428caf0b4d9e408dc114c008c12bc1381f6f6f5650d318fd081328903024c1 => waiting for 2 confirmations
Gas used: 31865
will deploy proxy & upgrade with params 0xd190620159d82731F9951326Bafdc873a16CB2b1 0xE2516f0F38d9400a8ceCe5672884De72FBD01cE1 0xfAb5ab70500d1fab1e736829b4bf85e8bAC5fff2 0xc4d66de800000000000000000000000097875355ef55ae35613029df8b1c8cf8f89c9066
deploying "TransparentUpgradeableProxy" (tx: 0x1814d3f7f6f07e9acb6c9bb16e70f83e7e3e251a890627047ba8f386615a9d04)...: deployed at 0x43D037A562099A4C2c95b1E2120cc43054450629 with 1125935 gas
deploying "RestoringVault" (tx: 0x293ef7bbd6e062e65841d4bd99b742eae19d4474f1b7a7f6a7c8fb086c18cbad)...: deployed at 0x6e6Cc30856eB766557418d58af6ED8eaB767940d with 779263 gas
DEV : Incognito nodes should use 0x43D037A562099A4C2c95b1E2120cc43054450629 as EthVaultContract
Performing restoration of funds
admin 0xE2516f0F38d9400a8ceCe5672884De72FBD01cE1 will upgrade 0x97875355eF55Ae35613029df8B1C8Cf8f89c9066 to 0x43D037A562099A4C2c95b1E2120cc43054450629
0xce788d5188df990ec02c2e709632e175f5d9e618b7167c2c4e2aa0fde514b90a => waiting for 2 confirmations
Gas used: 31833
0x8985fe61d02a498d4957eea29576d52fe1966fc0368dd3d2cc5d3ee716498e30 => waiting for 2 confirmations
Gas used: 33692
0x4a977aba943b293446dd079e0e2a8b004e9c39e718031df260eb0615a020f5fb => waiting for 2 confirmations
Gas used: 3510846
Migrated vault 0x97875355eF55Ae35613029df8B1C8Cf8f89c9066 to 0x43D037A562099A4C2c95b1E2120cc43054450629, then 0x43D037A562099A4C2c95b1E2120cc43054450629 with tokens 0xecF51a98B71f0421151a1d45E033Ab8B88665221,0xD7F8032777C50aFD2e7AFa41912a4d8038127271,0x426CA1eA2406c07d75Db9585F22781c096e3d0E0,0x70Ec7702ADA8530d8f7332f7f3700099553D772D,0xA587469eE454A0911C5adF761754320319E7bD2F,0x2505a3c035291c05cb78cb43cff39564637e1dd9,0xB351dA6ffEbd5DddD1dA037929FCf334d6B4A8D5,0x2f141ce366a2462f02cea3d12cf93e4dca49e4fd,0xf34845b76015d2952b6e39436bc59cae3c9ba17d,0xF1d50e8299687FC17378c6D5e2B25a7a0e07DcB4,0x5d3dc0fdba0477b906ad4a36f95035b252060434,0xfF95Ea9eBeFf204A95954bb1Ed76175354914Ea1,0xe0b9bcd54bf8a730ea5d3f1ffce0885e911a502c,0x08130635368AA28b217a4dfb68E1bF8dC525621C,0xc3761eb917cd790b30dad99f6cc5b4ff93c4f9ea,0x2b591e99afe9f32eaa6214f7b7629768c40eeb39,0x5228a22e72ccc52d415ecfd199f99d0665e7733b,0x66fd97a78d8854fec445cd1c80a07896b0b4851f,0x2d184014b5658c453443aa87c8e9c4d57285620b,0x4cc19356f2d37338b9802aa8e8fc58b0373296e7,0x4f9254c83eb525f9fcf346490bbb3ed28a81c667,0xead7f3ae4e0bb0d8785852cc37cc9d0b5e75c06a,0x4575f41308EC1483f3d399aa9a2826d74Da13Deb,0x799a4202c12ca952cb311598a024c80ed371a41e,0x607F4C5BB672230e8672085532f7e901544a7375,0xdac17f958d2ee523a2206206994597c13d831ec7,0xa0b86991c6218b36c1d19d4a2e9eb0ce3606eb48,0x6b175474e89094c44da98b954eedeac495271d0f,0x7d1afa7b718fb893db30a3abc0cfc608aacfebb0,0x4fabb145d64652a948d72533023f6e7a623c7c53,0x0d8775f648430679a709e98d2b0cb6250d2887ef,0x514910771af9ca656af840dff83e8264ecf986ca,0x89d24a6b4ccb1b6faa2625fe562bdd9a23260359,0xb7cb1c96db6b22b0d3d9536e0108d062bd488f74,0x8762db106b2c2a0bccb3a80d1ed41273552616e8,0x408e41876cccdc0f92210600ef50372656052a38,0xf0ee6b27b759c9893ce4f094b49ad28fd15a23e4,0xb63b606ac810a52cca15e44bb630fd42d8d1d83d,0xdd974d5c2e2928dea5f71b9825b8b646686bd200,0x8400d94a5cb0fa0d041a3788e395285d61c9ee5e,0x998FFE1E43fAcffb941dc337dD0468d52bA5b48A,0x056fd409e1d7a124bd7017459dfea2f387b6d5cd,0xae746520FfDB15d0505e32f1d6e9a2b4ab866572,0x41e5560054824ea6b0732e656e3ad64e20e94e45,0x5432c580e34f590f4dd901b825ddeb92e905e826,0xb683d83a532e2cb7dfa5275eed3698436371cc9f,0xd26114cd6EE289AccF82350c8d8487fedB8A0C07,0x286BDA1413a2Df81731D4930ce2F862a35A609fE,0xf629cbd94d3791c9250152bd8dfbdf380e2a3b9c,0x595832f8fc6bf59c85c527fec3740a1b7a361269,0x1d287cc25dad7ccaf76a26bc660c5f7c8e2a05bd,0xba11d00c5f74255f56a5e366f4f77f5a186d7f55,0x6c6ee5e31d828de241282b9606c8e98ea48526e2,0x8e870d67f660d95d5be530380d0ec0bd388289e1,0x1f573d6fb3f13d689ff844b4ce37794d79a7ff1c,0x50d1c9771902476076ecfc8b2a83ad6b9355a4c9,0x4f3afec4e5a3f2a6a1a411def7d7dfe50ee057bf,0xbbbbca6a901c926f240b89eacb641d8aec7aeafd,0xe41d2489571d322189246dafa5ebde1f4699f498,0x0000000000085d4780B73119b644AE5ecd22b376,0x1c5857e110cd8411054660f60b5de6a6958cfae2,0x5d3a536E4D6DbD6114cc1Ead35777bAB948E3643,0x5C406D99E04B8494dc253FCc52943Ef82bcA7D75,0x55296f69f40ea6d20e478533c15a6b08b654e758,0xa0b73e1ff0b80914ab6fe0444e65848c4c34450b,0x4e15361fd6b4bb609fa63c81a2be19d873717870,0xAC8491258d2D93228E8b49aAC2e332A96f04E56C,0x8E9c3D1F30904E91764B7b8bBFDa3a429b886874,0x71E4B8DE109428f999391eB3424D2CC87192e8bA,0x91f5f9c36B093907B0F99d1dBcf41aAF1db28916,0x035df12e0f3ac6671126525f1015e47d79dfeddf,0x7db5454f3500f28171d1f9c7a38527c9cf94e6b2,0xAbf14EAc02407842a0140AD012239a03F8985404,0xf222Ba8Af81d799C565241B0D3eEDF9Bdc4Fc462,0xc30951ff31c04a47b26ce496b0510a3b2d709e92,0xcea83bc11a51cf07eea1286eee099871b428e613,0x3917E933bd430C08304cae2AA6d9746b806406c2,0xe172f366678ec7b559f6c2913a437baadfd4e6c8,0xeD79E6dd91324F6Af138f01967BD24233d642a24,0x1e24f42cb509e2af5675c0f5b529fc0b4c1a112a,0x9D494A823Fc3E852f8fF92f36A05662A46de0381,0x159A1dFAe19057de57dFfFcbB3DA1aE784678965,0x4df76a9dab9bb8310e4ad3dc4336a8e26ed24ebb,0xaa7fb1c8ce6f18d4fd4aabb61a2193d4d441c54f,0xaC9Bb427953aC7FDDC562ADcA86CF42D988047Fd,0xec91fcca41e8ab83dd5bc2bbcc2ffb71e314ba25,0xf816725650497630642b52dbc3a734e118cf2ed2,0xc00b89fc3a7ee7043629d8f9a79abfef55634960,0x3e3Aafa44d6E122b07d329b992F0DF62CF82b1e7,0x86C31E6da2190a1FFd39A36990a44174D0A8be15,0xdf413690fb785e56895551cc21086a15b6e90386,0x719035ac096b12aad44578a2db8a352ad874892d,0x0f90842e0b39fdc014dfe9daf5835c54ef894bf0,0x7b53B2C4B2F495d843a4e92e5c5511034d32bd15,0x716523231368d43BDfe1F06AfE1C62930731aB13,0x767EE3150Ac31f982190Ef41728Cf9a969355286
{
  'Balance Comparison': {
    '0xecF51a98B71f0421151a1d45E033Ab8B88665221': [ '6309300000000', '6309300000000' ],
    '0xD7F8032777C50aFD2e7AFa41912a4d8038127271': [ '2864100000000000000000000', '2864100000000000000000000' ],
    '0x426CA1eA2406c07d75Db9585F22781c096e3d0E0': [ '0', '0' ],
    '0x70Ec7702ADA8530d8f7332f7f3700099553D772D': [ '15436459600', '15436459600' ],
    '0xA587469eE454A0911C5adF761754320319E7bD2F': [ '19111500000000000000000000', '19111500000000000000000000' ],
    '0x2505a3c035291c05cb78cb43cff39564637e1dd9': [ '806875000000000000000', '806875000000000000000' ],
    '0xB351dA6ffEbd5DddD1dA037929FCf334d6B4A8D5': [ '1000000000000000000000', '1000000000000000000000' ],
    '0x2f141ce366a2462f02cea3d12cf93e4dca49e4fd': [ '1400000000000000000000', '1400000000000000000000' ],
    '0xf34845b76015d2952b6e39436bc59cae3c9ba17d': [ '4000000000000000000', '4000000000000000000' ],
    '0xF1d50e8299687FC17378c6D5e2B25a7a0e07DcB4': [ '899100000000000', '899100000000000' ],
    '0x5d3dc0fdba0477b906ad4a36f95035b252060434': [ '20000000000', '20000000000' ],
    '0xfF95Ea9eBeFf204A95954bb1Ed76175354914Ea1': [ '9999999999980', '9999999999980' ],
    '0xe0b9bcd54bf8a730ea5d3f1ffce0885e911a502c': [ '1247639986703', '1122875988023' ],
    '0x08130635368AA28b217a4dfb68E1bF8dC525621C': [ '10000000000', '10000000000' ],
    '0xc3761eb917cd790b30dad99f6cc5b4ff93c4f9ea': [ '990000000000000000', '990000000000000000' ],
    '0x2b591e99afe9f32eaa6214f7b7629768c40eeb39': [ '557685935385', '557685935385' ],
    '0x5228a22e72ccc52d415ecfd199f99d0665e7733b': [ '90035404921744', '90035404921744' ],
    '0x66fd97a78d8854fec445cd1c80a07896b0b4851f': [ '399999000000020000000', '399999000000020000000' ],
    '0x2d184014b5658c453443aa87c8e9c4d57285620b': [ '3882000000000000000000', '3882000000000000000000' ],
    '0x4cc19356f2d37338b9802aa8e8fc58b0373296e7': [ '464860740710271000000000', '464860740710271000000000' ],
    '0x4f9254c83eb525f9fcf346490bbb3ed28a81c667': [ '137625855827192000000000', '137625855827192000000000' ],
    '0xead7f3ae4e0bb0d8785852cc37cc9d0b5e75c06a': [ '49790000000000000000', '49790000000000000000' ],
    '0x4575f41308EC1483f3d399aa9a2826d74Da13Deb': [ '3443490126773779148607', '3443490126773779148607' ],
    '0x799a4202c12ca952cb311598a024c80ed371a41e': [ '29107658536999000000000', '29107658536999000000000' ],
    '0x607F4C5BB672230e8672085532f7e901544a7375': [ '50916840615', '50916840615' ],
    '0xdac17f958d2ee523a2206206994597c13d831ec7': [ '3531232985370', '3531232985370' ],
    '0xa0b86991c6218b36c1d19d4a2e9eb0ce3606eb48': [ '1212278763880', '1212278763880' ],
    '0x6b175474e89094c44da98b954eedeac495271d0f': [ '2640134335311672562763433', '2640134335311672562763433' ],
    '0x7d1afa7b718fb893db30a3abc0cfc608aacfebb0': [ '296027698274257905983815', '296027698274257905983815' ],
    '0x4fabb145d64652a948d72533023f6e7a623c7c53': [ '23796014678822324109971', '23796014678822324109971' ],
    '0x0d8775f648430679a709e98d2b0cb6250d2887ef': [ '71521655442826102836861', '71521655442826102836861' ],
    '0x514910771af9ca656af840dff83e8264ecf986ca': [ '1598440123510496371845', '1598440123510496371845' ],
    '0x89d24a6b4ccb1b6faa2625fe562bdd9a23260359': [ '3107216393856803392880', '3107216393856803392880' ],
    '0xb7cb1c96db6b22b0d3d9536e0108d062bd488f74': [ '1483373499659000000000', '1483373499659000000000' ],
    '0x8762db106b2c2a0bccb3a80d1ed41273552616e8': [ '250395678120557288638608', '250395678120557288638608' ],
    '0x408e41876cccdc0f92210600ef50372656052a38': [ '102769721200778713248364', '102769721200778713248364' ],
    '0xf0ee6b27b759c9893ce4f094b49ad28fd15a23e4': [ '49200000', '49200000' ],
    '0xb63b606ac810a52cca15e44bb630fd42d8d1d83d': [ '16507830321', '16507830321' ],
    '0xdd974d5c2e2928dea5f71b9825b8b646686bd200': [ '4908523983691755989320', '4908523983691755989320' ],
    '0x8400d94a5cb0fa0d041a3788e395285d61c9ee5e': [ '18671867353', '18671867353' ],
    '0x998FFE1E43fAcffb941dc337dD0468d52bA5b48A': [ '107383964', '107383964' ],
    '0x056fd409e1d7a124bd7017459dfea2f387b6d5cd': [ '45907', '45907' ],
    '0xae746520FfDB15d0505e32f1d6e9a2b4ab866572': [ '6000000000000000000000', '6000000000000000000000' ],
    '0x41e5560054824ea6b0732e656e3ad64e20e94e45': [ '358870049300', '358870049300' ],
    '0x5432c580e34f590f4dd901b825ddeb92e905e826': [ '10000000000000000000000', '10000000000000000000000' ],
    '0xb683d83a532e2cb7dfa5275eed3698436371cc9f': [ '3000000000000000000', '3000000000000000000' ],
    '0xd26114cd6EE289AccF82350c8d8487fedB8A0C07': [ '2642581624357935888035', '2642581624357935888035' ],
    '0x286BDA1413a2Df81731D4930ce2F862a35A609fE': [ '9109108974408000000000', '9109108974408000000000' ],
    '0xf629cbd94d3791c9250152bd8dfbdf380e2a3b9c': [ '2547601831620000000603', '2547601831620000000603' ],
    '0x595832f8fc6bf59c85c527fec3740a1b7a361269': [ '9400182039', '9400182039' ],
    '0x1d287cc25dad7ccaf76a26bc660c5f7c8e2a05bd': [ '37557584546301000000000', '37557584546301000000000' ],
    '0xba11d00c5f74255f56a5e366f4f77f5a186d7f55': [ '18901316359428628334', '18901316359428628334' ],
    '0x6c6ee5e31d828de241282b9606c8e98ea48526e2': [ '1883223154228855247518369', '1883223154228855247518369' ],
    '0x8e870d67f660d95d5be530380d0ec0bd388289e1': [ '1710218107739193307838', '1710218107739193307838' ],
    '0x1f573d6fb3f13d689ff844b4ce37794d79a7ff1c': [ '35965996745800289680', '35965996745800289680' ],
    '0x50d1c9771902476076ecfc8b2a83ad6b9355a4c9': [ '12714081730130909239', '12714081730130909239' ],
    '0x4f3afec4e5a3f2a6a1a411def7d7dfe50ee057bf': [ '10027523176', '10014487396' ],
    '0xbbbbca6a901c926f240b89eacb641d8aec7aeafd': [ '338341690101599331469', '338341690101599331469' ],
    '0xe41d2489571d322189246dafa5ebde1f4699f498': [ '7926022602031953736583', '7926022602031953736583' ],
    '0x0000000000085d4780B73119b644AE5ecd22b376': [ '12091729813711326806', '12091729813711326806' ],
    '0x1c5857e110cd8411054660f60b5de6a6958cfae2': [ '0', '0' ],
    '0x5d3a536E4D6DbD6114cc1Ead35777bAB948E3643': [ '54775362', '54775362' ],
    '0x5C406D99E04B8494dc253FCc52943Ef82bcA7D75': [ '3000000', '3000000' ],
    '0x55296f69f40ea6d20e478533c15a6b08b654e758': [ '512820535036360666993014', '512820535036360666993014' ],
    '0xa0b73e1ff0b80914ab6fe0444e65848c4c34450b': [ '324437940254', '324437940254' ],
    '0x4e15361fd6b4bb609fa63c81a2be19d873717870': [ '30850994181318160000000', '30850994181318160000000' ],
    '0xAC8491258d2D93228E8b49aAC2e332A96f04E56C': [ '100000000000000000', '100000000000000000' ],
    '0x8E9c3D1F30904E91764B7b8bBFDa3a429b886874': [ '100000000000000000', '100000000000000000' ],
    '0x71E4B8DE109428f999391eB3424D2CC87192e8bA': [ '199985093379117583', '199985093379117583' ],
    '0x91f5f9c36B093907B0F99d1dBcf41aAF1db28916': [ '150000000000000000', '150000000000000000' ],
    '0x035df12e0f3ac6671126525f1015e47d79dfeddf': [ '4579308326365035323258', '4579308326365035323258' ],
    '0x7db5454f3500f28171d1f9c7a38527c9cf94e6b2': [ '9495', '9477' ],
    '0xAbf14EAc02407842a0140AD012239a03F8985404': [ '88888000000000000000000', '88888000000000000000000' ],
    '0xf222Ba8Af81d799C565241B0D3eEDF9Bdc4Fc462': [ '8848000000000000000000', '8848000000000000000000' ],
    '0xc30951ff31c04a47b26ce496b0510a3b2d709e92': [ '88888000000000000000000', '88888000000000000000000' ],
    '0xcea83bc11a51cf07eea1286eee099871b428e613': [ '0', '0' ],
    '0x3917E933bd430C08304cae2AA6d9746b806406c2': [ '5000000000000', '5000000000000' ],
    '0xe172f366678ec7b559f6c2913a437baadfd4e6c8': [ '300000000', '300000000' ],
    '0xeD79E6dd91324F6Af138f01967BD24233d642a24': [ '1000000000', '1000000000' ],
    '0x1e24f42cb509e2af5675c0f5b529fc0b4c1a112a': [ '7800000000', '7800000000' ],
    '0x9D494A823Fc3E852f8fF92f36A05662A46de0381': [ '100000000000000000000', '100000000000000000000' ],
    '0x159A1dFAe19057de57dFfFcbB3DA1aE784678965': [ '3331639906282', '3331639906282' ],
    '0x4df76a9dab9bb8310e4ad3dc4336a8e26ed24ebb': [ '100000000000000000000', '100000000000000000000' ],
    '0xaa7fb1c8ce6f18d4fd4aabb61a2193d4d441c54f': [ '6900000000000', '6900000000000' ],
    '0xaC9Bb427953aC7FDDC562ADcA86CF42D988047Fd': [ '8000000000000000000', '8000000000000000000' ],
    '0xec91fcca41e8ab83dd5bc2bbcc2ffb71e314ba25': [ '20000000000000000000000000', '20000000000000000000000000' ],
    '0xf816725650497630642b52dbc3a734e118cf2ed2': [ '990000000000000000000', '990000000000000000000' ],
    '0xc00b89fc3a7ee7043629d8f9a79abfef55634960': [ '100000000000000000000000', '100000000000000000000000' ],
    '0x3e3Aafa44d6E122b07d329b992F0DF62CF82b1e7': [ '16888000000000000000000', '16888000000000000000000' ],
    '0x86C31E6da2190a1FFd39A36990a44174D0A8be15': [ '51608000000000000000000', '51608000000000000000000' ],
    '0xdf413690fb785e56895551cc21086a15b6e90386': [ '141057665637225', '141057665637225' ],
    '0x719035ac096b12aad44578a2db8a352ad874892d': [ '100', '100' ],
    '0x0f90842e0b39fdc014dfe9daf5835c54ef894bf0': [ '1000000', '1000000' ],
    '0x7b53B2C4B2F495d843a4e92e5c5511034d32bd15': [ '63093187081713487', '63093187081713487' ],
    '0x716523231368d43BDfe1F06AfE1C62930731aB13': [ '17900000000000000', '17900000000000000' ],
    '0x767EE3150Ac31f982190Ef41728Cf9a969355286': [ '1000000000000000000000', '1000000000000000000000' ]
  }
}
{
  'Deposit Comparison': {
    '0xecF51a98B71f0421151a1d45E033Ab8B88665221': [ '0', '0' ],
    '0xD7F8032777C50aFD2e7AFa41912a4d8038127271': [ '0', '0' ],
    '0x426CA1eA2406c07d75Db9585F22781c096e3d0E0': [ '0', '0' ],
    '0x70Ec7702ADA8530d8f7332f7f3700099553D772D': [ '0', '0' ],
    '0xA587469eE454A0911C5adF761754320319E7bD2F': [ '0', '0' ],
    '0x2505a3c035291c05cb78cb43cff39564637e1dd9': [ '0', '0' ],
    '0xB351dA6ffEbd5DddD1dA037929FCf334d6B4A8D5': [ '0', '0' ],
    '0x2f141ce366a2462f02cea3d12cf93e4dca49e4fd': [ '0', '0' ],
    '0xf34845b76015d2952b6e39436bc59cae3c9ba17d': [ '0', '0' ],
    '0xF1d50e8299687FC17378c6D5e2B25a7a0e07DcB4': [ '0', '0' ],
    '0x5d3dc0fdba0477b906ad4a36f95035b252060434': [ '0', '0' ],
    '0xfF95Ea9eBeFf204A95954bb1Ed76175354914Ea1': [ '0', '0' ],
    '0xe0b9bcd54bf8a730ea5d3f1ffce0885e911a502c': [ '0', '0' ],
    '0x08130635368AA28b217a4dfb68E1bF8dC525621C': [ '0', '0' ],
    '0xc3761eb917cd790b30dad99f6cc5b4ff93c4f9ea': [ '0', '0' ],
    '0x2b591e99afe9f32eaa6214f7b7629768c40eeb39': [ '0', '0' ],
    '0x5228a22e72ccc52d415ecfd199f99d0665e7733b': [ '0', '0' ],
    '0x66fd97a78d8854fec445cd1c80a07896b0b4851f': [ '0', '0' ],
    '0x2d184014b5658c453443aa87c8e9c4d57285620b': [ '0', '0' ],
    '0x4cc19356f2d37338b9802aa8e8fc58b0373296e7': [ '0', '0' ],
    '0x4f9254c83eb525f9fcf346490bbb3ed28a81c667': [ '0', '0' ],
    '0xead7f3ae4e0bb0d8785852cc37cc9d0b5e75c06a': [ '0', '0' ],
    '0x4575f41308EC1483f3d399aa9a2826d74Da13Deb': [ '0', '0' ],
    '0x799a4202c12ca952cb311598a024c80ed371a41e': [ '0', '0' ],
    '0x607F4C5BB672230e8672085532f7e901544a7375': [ '0', '0' ],
    '0xdac17f958d2ee523a2206206994597c13d831ec7': [ '0', '0' ],
    '0xa0b86991c6218b36c1d19d4a2e9eb0ce3606eb48': [ '0', '0' ],
    '0x6b175474e89094c44da98b954eedeac495271d0f': [ '44485826224011898', '44485826224011898' ],
    '0x7d1afa7b718fb893db30a3abc0cfc608aacfebb0': [ '0', '0' ],
    '0x4fabb145d64652a948d72533023f6e7a623c7c53': [ '0', '0' ],
    '0x0d8775f648430679a709e98d2b0cb6250d2887ef': [ '0', '0' ],
    '0x514910771af9ca656af840dff83e8264ecf986ca': [ '0', '0' ],
    '0x89d24a6b4ccb1b6faa2625fe562bdd9a23260359': [ '0', '0' ],
    '0xb7cb1c96db6b22b0d3d9536e0108d062bd488f74': [ '0', '0' ],
    '0x8762db106b2c2a0bccb3a80d1ed41273552616e8': [ '0', '0' ],
    '0x408e41876cccdc0f92210600ef50372656052a38': [ '0', '0' ],
    '0xf0ee6b27b759c9893ce4f094b49ad28fd15a23e4': [ '0', '0' ],
    '0xb63b606ac810a52cca15e44bb630fd42d8d1d83d': [ '0', '0' ],
    '0xdd974d5c2e2928dea5f71b9825b8b646686bd200': [ '0', '0' ],
    '0x8400d94a5cb0fa0d041a3788e395285d61c9ee5e': [ '0', '0' ],
    '0x998FFE1E43fAcffb941dc337dD0468d52bA5b48A': [ '0', '0' ],
    '0x056fd409e1d7a124bd7017459dfea2f387b6d5cd': [ '0', '0' ],
    '0xae746520FfDB15d0505e32f1d6e9a2b4ab866572': [ '0', '0' ],
    '0x41e5560054824ea6b0732e656e3ad64e20e94e45': [ '0', '0' ],
    '0x5432c580e34f590f4dd901b825ddeb92e905e826': [ '0', '0' ],
    '0xb683d83a532e2cb7dfa5275eed3698436371cc9f': [ '0', '0' ],
    '0xd26114cd6EE289AccF82350c8d8487fedB8A0C07': [ '0', '0' ],
    '0x286BDA1413a2Df81731D4930ce2F862a35A609fE': [ '0', '0' ],
    '0xf629cbd94d3791c9250152bd8dfbdf380e2a3b9c': [ '0', '0' ],
    '0x595832f8fc6bf59c85c527fec3740a1b7a361269': [ '0', '0' ],
    '0x1d287cc25dad7ccaf76a26bc660c5f7c8e2a05bd': [ '0', '0' ],
    '0xba11d00c5f74255f56a5e366f4f77f5a186d7f55': [ '0', '0' ],
    '0x6c6ee5e31d828de241282b9606c8e98ea48526e2': [ '0', '0' ],
    '0x8e870d67f660d95d5be530380d0ec0bd388289e1': [ '0', '0' ],
    '0x1f573d6fb3f13d689ff844b4ce37794d79a7ff1c': [ '0', '0' ],
    '0x50d1c9771902476076ecfc8b2a83ad6b9355a4c9': [ '0', '0' ],
    '0x4f3afec4e5a3f2a6a1a411def7d7dfe50ee057bf': [ '0', '0' ],
    '0xbbbbca6a901c926f240b89eacb641d8aec7aeafd': [ '0', '0' ],
    '0xe41d2489571d322189246dafa5ebde1f4699f498': [ '0', '0' ],
    '0x0000000000085d4780B73119b644AE5ecd22b376': [ '0', '0' ],
    '0x1c5857e110cd8411054660f60b5de6a6958cfae2': [ '0', '0' ],
    '0x5d3a536E4D6DbD6114cc1Ead35777bAB948E3643': [ '0', '0' ],
    '0x5C406D99E04B8494dc253FCc52943Ef82bcA7D75': [ '0', '0' ],
    '0x55296f69f40ea6d20e478533c15a6b08b654e758': [ '0', '0' ],
    '0xa0b73e1ff0b80914ab6fe0444e65848c4c34450b': [ '0', '0' ],
    '0x4e15361fd6b4bb609fa63c81a2be19d873717870': [ '0', '0' ],
    '0xAC8491258d2D93228E8b49aAC2e332A96f04E56C': [ '0', '0' ],
    '0x8E9c3D1F30904E91764B7b8bBFDa3a429b886874': [ '0', '0' ],
    '0x71E4B8DE109428f999391eB3424D2CC87192e8bA': [ '0', '0' ],
    '0x91f5f9c36B093907B0F99d1dBcf41aAF1db28916': [ '0', '0' ],
    '0x035df12e0f3ac6671126525f1015e47d79dfeddf': [ '0', '0' ],
    '0x7db5454f3500f28171d1f9c7a38527c9cf94e6b2': [ '0', '0' ],
    '0xAbf14EAc02407842a0140AD012239a03F8985404': [ '0', '0' ],
    '0xf222Ba8Af81d799C565241B0D3eEDF9Bdc4Fc462': [ '0', '0' ],
    '0xc30951ff31c04a47b26ce496b0510a3b2d709e92': [ '0', '0' ],
    '0xcea83bc11a51cf07eea1286eee099871b428e613': [ '0', '0' ],
    '0x3917E933bd430C08304cae2AA6d9746b806406c2': [ '0', '0' ],
    '0xe172f366678ec7b559f6c2913a437baadfd4e6c8': [ '0', '0' ],
    '0xeD79E6dd91324F6Af138f01967BD24233d642a24': [ '0', '0' ],
    '0x1e24f42cb509e2af5675c0f5b529fc0b4c1a112a': [ '0', '0' ],
    '0x9D494A823Fc3E852f8fF92f36A05662A46de0381': [ '0', '0' ],
    '0x159A1dFAe19057de57dFfFcbB3DA1aE784678965': [ '0', '0' ],
    '0x4df76a9dab9bb8310e4ad3dc4336a8e26ed24ebb': [ '0', '0' ],
    '0xaa7fb1c8ce6f18d4fd4aabb61a2193d4d441c54f': [ '0', '0' ],
    '0xaC9Bb427953aC7FDDC562ADcA86CF42D988047Fd': [ '0', '0' ],
    '0xec91fcca41e8ab83dd5bc2bbcc2ffb71e314ba25': [ '0', '0' ],
    '0xf816725650497630642b52dbc3a734e118cf2ed2': [ '0', '0' ],
    '0xc00b89fc3a7ee7043629d8f9a79abfef55634960': [ '0', '0' ],
    '0x3e3Aafa44d6E122b07d329b992F0DF62CF82b1e7': [ '0', '0' ],
    '0x86C31E6da2190a1FFd39A36990a44174D0A8be15': [ '0', '0' ],
    '0xdf413690fb785e56895551cc21086a15b6e90386': [ '0', '0' ],
    '0x719035ac096b12aad44578a2db8a352ad874892d': [ '0', '0' ],
    '0x0f90842e0b39fdc014dfe9daf5835c54ef894bf0': [ '0', '0' ],
    '0x7b53B2C4B2F495d843a4e92e5c5511034d32bd15': [ '0', '0' ],
    '0x716523231368d43BDfe1F06AfE1C62930731aB13': [ '0', '0' ],
    '0x767EE3150Ac31f982190Ef41728Cf9a969355286': [ '0', '0' ]
  }
}
admin 0xE2516f0F38d9400a8ceCe5672884De72FBD01cE1 will upgrade 0x97875355eF55Ae35613029df8B1C8Cf8f89c9066 to 0x6e6Cc30856eB766557418d58af6ED8eaB767940d
Error: cannot estimate gas; transaction may fail or may require manual gas limit (error={"name":"ProviderError","code":3,"_isProviderError":true,"data":"0x08c379a000000000000000000000000000000000000000000000000000000000000000200000000000000000000000000000000000000000000000000000000000000010706175736564207269676874206e6f7700000000000000000000000000000000"}, method="estimateGas", transaction={"from":"0xE2516f0F38d9400a8ceCe5672884De72FBD01cE1","to":"0x97875355eF55Ae35613029df8B1C8Cf8f89c9066","data":"0x8456cb59","accessList":null}, code=UNPREDICTABLE_GAS_LIMIT, version=providers/5.1.2)
    at Logger.makeError (/Users/Macbook_Atonomous/Documents/bridge-eth/bridge/node_modules/@ethersproject/logger/src.ts/index.ts:205:28)
    at Logger.throwError (/Users/Macbook_Atonomous/Documents/bridge-eth/bridge/node_modules/@ethersproject/logger/src.ts/index.ts:217:20)
    at checkError (/Users/Macbook_Atonomous/Documents/bridge-eth/bridge/node_modules/@ethersproject/providers/src.ts/json-rpc-provider.ts:76:16)
    at EthersProviderWrapper.<anonymous> (/Users/Macbook_Atonomous/Documents/bridge-eth/bridge/node_modules/@ethersproject/providers/src.ts/json-rpc-provider.ts:512:20)
    at step (/Users/Macbook_Atonomous/Documents/bridge-eth/bridge/node_modules/@ethersproject/providers/lib/json-rpc-provider.js:48:23)
    at Object.throw (/Users/Macbook_Atonomous/Documents/bridge-eth/bridge/node_modules/@ethersproject/providers/lib/json-rpc-provider.js:29:53)
    at rejected (/Users/Macbook_Atonomous/Documents/bridge-eth/bridge/node_modules/@ethersproject/providers/lib/json-rpc-provider.js:21:65)
    at runMicrotasks (<anonymous>)
    at processTicksAndRejections (node:internal/process/task_queues:96:5) {
  reason: 'cannot estimate gas; transaction may fail or may require manual gas limit',
  code: 'UNPREDICTABLE_GAS_LIMIT',
  error: ProviderError: execution reverted: paused right now
      at HttpProvider.request (/Users/Macbook_Atonomous/Documents/bridge-eth/bridge/node_modules/hardhat/src/internal/core/providers/http.ts:46:19)
      at LocalAccountsProvider.request (/Users/Macbook_Atonomous/Documents/bridge-eth/bridge/node_modules/hardhat/src/internal/core/providers/accounts.ts:142:34)
      at runMicrotasks (<anonymous>)
      at processTicksAndRejections (node:internal/process/task_queues:96:5)
      at EthersProviderWrapper.send (/Users/Macbook_Atonomous/Documents/bridge-eth/bridge/node_modules/hardhat-deploy-ethers/src/ethers-provider-wrapper.ts:13:20),
  method: 'estimateGas',
  transaction: {
    from: '0xE2516f0F38d9400a8ceCe5672884De72FBD01cE1',
    to: '0x97875355eF55Ae35613029df8B1C8Cf8f89c9066',
    data: '0x8456cb59',
    accessList: null
  }
}
Skipping pause() step
0xb67b39856f38792733501563529b827f61fa11043fb8ee992c0d8340d4be0ffe => waiting for 2 confirmations
Gas used: 33692
0x824467c28bdcdfdff900aaa9536b16250057c0453bbd45bebfcf56737fbf26f9 => waiting for 2 confirmations
Gas used: 80756
Migrated vault 0x97875355eF55Ae35613029df8B1C8Cf8f89c9066 to 0x6e6Cc30856eB766557418d58af6ED8eaB767940d, then 0x43D037A562099A4C2c95b1E2120cc43054450629 with tokens 0x0000000000000000000000000000000000000000
{
  'Balance Comparison': {
    '0x0000000000000000000000000000000000000000': [ '2444309051123178539968', '2440044051123178539968' ]
  }
}
{
  'Deposit Comparison': { '0x0000000000000000000000000000000000000000': [ '0', '0' ] }
}
0xfe7ad34cf6e8ae31403e36aaba35a9d457598f8aee648e3047184967e32992fc => waiting for 2 confirmations
Gas used: 33692
Yielding Admin role of both vaults to 0x037ac7fFfC1C52Cf6351e33A77eDBdd14CE35040
0x4e1599c46d1c58ecd98e7c003843dc58faac7f0502a878968287cad7914d37a6 => waiting for 2 confirmations
Gas used: 31192
0x68d8ad29c452f0c99697323b37b1007071e6eb9b2ce037cfcc954313bcd5538a => waiting for 2 confirmations
Gas used: 47560

*** Sep 2022 deployment ***
reusing "IncognitoProxy" at 0xfAb5ab70500d1fab1e736829b4bf85e8bAC5fff2
Using trade router addresses {}
Deployed some testing contracts for localhost network
Deploy: Vault
deploying "Vault" (tx: 0xca2c0764a035b78f48ea25d56722e2e7ecc9e6595c0e96fb47611ea2b66dd665)...: deployed at 0x4f7903Ae97f1aD3665093417007d06e83b43C00C with 4526723 gas
...
reusing "IncognitoProxy" at 0xfAb5ab70500d1fab1e736829b4bf85e8bAC5fff2
Using trade router addresses { UniswapProxy: '0x68b3465833fb72A70ecDF485E0e4C7bD8665Fc45' }
executor points to 0x68b3465833fb72A70ecDF485E0e4C7bD8665Fc45
deploying "UniswapProxy" (tx: 0x77fb8526a6faea5b7e52bc61c2ce1ba598024afd7790fb032a405afd877a8565)...: deployed at 0xe38e54B2d6B1FCdfaAe8B674bF36ca62429fdBDe with 1912039 gas
Deployed some testing contracts for localhost network